Arguments: 
  C:\Program Files\nodejs\node.exe C:\Users\DELL\AppData\Roaming\npm\node_modules\yarn\bin\yarn.js run test

PATH: 
  C:\Windows\system32;C:\Windows;C:\Windows\System32\Wbem;C:\Windows\System32\WindowsPowerShell\v1.0\;C:\Windows\System32\OpenSSH\;C:\Program Files\NVIDIA Corporation\NVIDIA NvDLISR;C:\Python39;C:\Program Files\nodejs\;C:\Program Files\Polyspace\R2019a\runtime\win64;C:\Program Files\Polyspace\R2019a\bin;C:\Program Files\Polyspace\R2019a\polyspace\bin;C:\Program Files\Git\cmd;C:\Program Files (x86)\NVIDIA Corporation\PhysX\Common;C:\Users\DELL\AppData\Local\Programs\Python\Python39\Scripts\;C:\Users\DELL\AppData\Local\Programs\Python\Python39\;C:\Users\DELL\AppData\Local\Microsoft\WindowsApps;C:\Users\DELL\AppData\Local\Programs\Microsoft VS Code\bin;C:\Users\DELL\AppData\Roaming\npm;C:\Program Files\nodejs;C:\Users\DELL\AppData\Roaming\npm\yarn;

Yarn version: 
  1.22.10

Node version: 
  14.16.0

Platform: 
  win32 x64

Trace: 
  Invariant Violation: Script must exist
      at invariant (C:\Users\DELL\AppData\Roaming\npm\node_modules\yarn\lib\cli.js:2314:15)
      at C:\Users\DELL\AppData\Roaming\npm\node_modules\yarn\lib\cli.js:62387:11
      at Generator.next (<Buttonnonymous>)
      at step (C:\Users\DELL\AppData\Roaming\npm\node_modules\yarn\lib\cli.js:310:30)
      at C:\Users\DELL\AppData\Roaming\npm\node_modules\yarn\lib\cli.js:328:14
      at new Promise (<Buttonnonymous>)
      at new F (C:\Users\DELL\AppData\Roaming\npm\node_modules\yarn\lib\cli.js:5301:28)
      at C:\Users\DELL\AppData\Roaming\npm\node_modules\yarn\lib\cli.js:307:12
      at realRunCommand (C:\Users\DELL\AppData\Roaming\npm\node_modules\yarn\lib\cli.js:62472:23)
      at action.action (C:\Users\DELL\AppData\Roaming\npm\node_modules\yarn\lib\cli.js:62533:16)

npm manifest: 
  {
      "name": "my_form",
      "version": "1.0.0",
      "description": "form",
      "main": "index.js",
      "scripts": {
          "test": ""
      },
      "author": "codito",
      "license": "ISC",
      "dependencies": {
          "body-parser" : "^1.19.0",
          "concurrently": "^6.1.0",
          "cors": "^2.8.5",
          "express": "^4.17.1",
          "nodemailer": "6.6.0"
          
      }
  }

yarn manifest: 
  No manifest

Lockfile: 
  No lockfile
